<?xml version="1.0" encoding="UTF-8"?>
<testsuite xmlns:xsi="http://www.w3.org/2001/XMLSchema-instance" xsi:noNamespaceSchemaLocation="https://maven.apache.org/surefire/maven-surefire-plugin/xsd/surefire-test-report.xsd" name="com.fssa.charitytrust.eventvalidator.TestEventValidator" time="0.018" tests="30" errors="0" skipped="0" failures="0">
  <properties>
    <property name="java.specification.version" value="17"/>
    <property name="sun.cpu.isalist" value="amd64"/>
    <property name="sun.jnu.encoding" value="Cp1252"/>
    <property name="java.class.path" value="C:\Users\IsacDevaAbishek\eclipse-workspace\charitytrust\target\test-classes;C:\Users\IsacDevaAbishek\eclipse-workspace\charitytrust\target\classes;C:\Users\IsacDevaAbishek\.m2\repository\org\junit\jupiter\junit-jupiter\5.9.1\junit-jupiter-5.9.1.jar;C:\Users\IsacDevaAbishek\.m2\repository\org\junit\jupiter\junit-jupiter-api\5.9.1\junit-jupiter-api-5.9.1.jar;C:\Users\IsacDevaAbishek\.m2\repository\org\opentest4j\opentest4j\1.2.0\opentest4j-1.2.0.jar;C:\Users\IsacDevaAbishek\.m2\repository\org\junit\platform\junit-platform-commons\1.9.1\junit-platform-commons-1.9.1.jar;C:\Users\IsacDevaAbishek\.m2\repository\org\apiguardian\apiguardian-api\1.1.2\apiguardian-api-1.1.2.jar;C:\Users\IsacDevaAbishek\.m2\repository\org\junit\jupiter\junit-jupiter-params\5.9.1\junit-jupiter-params-5.9.1.jar;C:\Users\IsacDevaAbishek\.m2\repository\org\junit\jupiter\junit-jupiter-engine\5.9.1\junit-jupiter-engine-5.9.1.jar;C:\Users\IsacDevaAbishek\.m2\repository\org\junit\platform\junit-platform-engine\1.9.1\junit-platform-engine-1.9.1.jar;C:\Users\IsacDevaAbishek\.m2\repository\commons-validator\commons-validator\1.7\commons-validator-1.7.jar;C:\Users\IsacDevaAbishek\.m2\repository\commons-beanutils\commons-beanutils\1.9.4\commons-beanutils-1.9.4.jar;C:\Users\IsacDevaAbishek\.m2\repository\commons-digester\commons-digester\2.1\commons-digester-2.1.jar;C:\Users\IsacDevaAbishek\.m2\repository\commons-logging\commons-logging\1.2\commons-logging-1.2.jar;C:\Users\IsacDevaAbishek\.m2\repository\commons-collections\commons-collections\3.2.2\commons-collections-3.2.2.jar;C:\Users\IsacDevaAbishek\.m2\repository\com\mysql\mysql-connector-j\8.0.33\mysql-connector-j-8.0.33.jar;C:\Users\IsacDevaAbishek\.m2\repository\com\google\protobuf\protobuf-java\3.21.9\protobuf-java-3.21.9.jar;"/>
    <property name="java.vm.vendor" value="Eclipse Adoptium"/>
    <property name="sun.arch.data.model" value="64"/>
    <property name="user.variant" value=""/>
    <property name="java.vendor.url" value="https://adoptium.net/"/>
    <property name="user.timezone" value="Asia/Calcutta"/>
    <property name="os.name" value="Windows 10"/>
    <property name="java.vm.specification.version" value="17"/>
    <property name="sun.java.launcher" value="SUN_STANDARD"/>
    <property name="user.country" value="IN"/>
    <property name="sun.boot.library.path" value="C:\Users\IsacDevaAbishek\Desktop\eclipse-jee-2023-03-R-win32-x86_64 (2)\eclipse\plugins\org.eclipse.justj.openjdk.hotspot.jre.full.win32.x86_64_17.0.6.v20230204-1729\jre\bin"/>
    <property name="sun.java.command" value="C:\Users\ISACDE~1\AppData\Local\Temp\surefire3342280988732141051\surefirebooter10511454870578466325.jar C:\Users\IsacDevaAbishek\AppData\Local\Temp\surefire3342280988732141051 2023-08-24T11-52-14_120-jvmRun1 surefire12277046790286046422tmp surefire_013295534520807960490tmp"/>
    <property name="jdk.debug" value="release"/>
    <property name="surefire.test.class.path" value="C:\Users\IsacDevaAbishek\eclipse-workspace\charitytrust\target\test-classes;C:\Users\IsacDevaAbishek\eclipse-workspace\charitytrust\target\classes;C:\Users\IsacDevaAbishek\.m2\repository\org\junit\jupiter\junit-jupiter\5.9.1\junit-jupiter-5.9.1.jar;C:\Users\IsacDevaAbishek\.m2\repository\org\junit\jupiter\junit-jupiter-api\5.9.1\junit-jupiter-api-5.9.1.jar;C:\Users\IsacDevaAbishek\.m2\repository\org\opentest4j\opentest4j\1.2.0\opentest4j-1.2.0.jar;C:\Users\IsacDevaAbishek\.m2\repository\org\junit\platform\junit-platform-commons\1.9.1\junit-platform-commons-1.9.1.jar;C:\Users\IsacDevaAbishek\.m2\repository\org\apiguardian\apiguardian-api\1.1.2\apiguardian-api-1.1.2.jar;C:\Users\IsacDevaAbishek\.m2\repository\org\junit\jupiter\junit-jupiter-params\5.9.1\junit-jupiter-params-5.9.1.jar;C:\Users\IsacDevaAbishek\.m2\repository\org\junit\jupiter\junit-jupiter-engine\5.9.1\junit-jupiter-engine-5.9.1.jar;C:\Users\IsacDevaAbishek\.m2\repository\org\junit\platform\junit-platform-engine\1.9.1\junit-platform-engine-1.9.1.jar;C:\Users\IsacDevaAbishek\.m2\repository\commons-validator\commons-validator\1.7\commons-validator-1.7.jar;C:\Users\IsacDevaAbishek\.m2\repository\commons-beanutils\commons-beanutils\1.9.4\commons-beanutils-1.9.4.jar;C:\Users\IsacDevaAbishek\.m2\repository\commons-digester\commons-digester\2.1\commons-digester-2.1.jar;C:\Users\IsacDevaAbishek\.m2\repository\commons-logging\commons-logging\1.2\commons-logging-1.2.jar;C:\Users\IsacDevaAbishek\.m2\repository\commons-collections\commons-collections\3.2.2\commons-collections-3.2.2.jar;C:\Users\IsacDevaAbishek\.m2\repository\com\mysql\mysql-connector-j\8.0.33\mysql-connector-j-8.0.33.jar;C:\Users\IsacDevaAbishek\.m2\repository\com\google\protobuf\protobuf-java\3.21.9\protobuf-java-3.21.9.jar;"/>
    <property name="sun.cpu.endian" value="little"/>
    <property name="user.home" value="C:\Users\IsacDevaAbishek"/>
    <property name="user.language" value="en"/>
    <property name="java.specification.vendor" value="Oracle Corporation"/>
    <property name="java.version.date" value="2023-01-17"/>
    <property name="java.home" value="C:\Users\IsacDevaAbishek\Desktop\eclipse-jee-2023-03-R-win32-x86_64 (2)\eclipse\plugins\org.eclipse.justj.openjdk.hotspot.jre.full.win32.x86_64_17.0.6.v20230204-1729\jre"/>
    <property name="file.separator" value="\"/>
    <property name="style.color" value="always"/>
    <property name="basedir" value="C:\Users\IsacDevaAbishek\eclipse-workspace\charitytrust"/>
    <property name="java.vm.compressedOopsMode" value="32-bit"/>
    <property name="line.separator" value="&#10;"/>
    <property name="java.vm.specification.vendor" value="Oracle Corporation"/>
    <property name="java.specification.name" value="Java Platform API Specification"/>
    <property name="surefire.real.class.path" value="C:\Users\ISACDE~1\AppData\Local\Temp\surefire3342280988732141051\surefirebooter10511454870578466325.jar"/>
    <property name="user.script" value=""/>
    <property name="sun.management.compiler" value="HotSpot 64-Bit Tiered Compilers"/>
    <property name="java.runtime.version" value="17.0.6+10"/>
    <property name="user.name" value="IsacDevaAbishek"/>
    <property name="path.separator" value=";"/>
    <property name="os.version" value="10.0"/>
    <property name="java.runtime.name" value="OpenJDK Runtime Environment"/>
    <property name="file.encoding" value="Cp1252"/>
    <property name="java.vm.name" value="OpenJDK 64-Bit Server VM"/>
    <property name="java.vendor.version" value="Temurin-17.0.6+10"/>
    <property name="localRepository" value="C:\Users\IsacDevaAbishek\.m2\repository"/>
    <property name="java.vendor.url.bug" value="https://github.com/adoptium/adoptium-support/issues"/>
    <property name="java.io.tmpdir" value="C:\Users\ISACDE~1\AppData\Local\Temp\"/>
    <property name="java.version" value="17.0.6"/>
    <property name="user.dir" value="C:\Users\IsacDevaAbishek\eclipse-workspace\charitytrust"/>
    <property name="os.arch" value="amd64"/>
    <property name="java.vm.specification.name" value="Java Virtual Machine Specification"/>
    <property name="sun.os.patch.level" value=""/>
    <property name="native.encoding" value="Cp1252"/>
    <property name="java.library.path" value="C:\Users\IsacDevaAbishek\Desktop\eclipse-jee-2023-03-R-win32-x86_64 (2)\eclipse\plugins\org.eclipse.justj.openjdk.hotspot.jre.full.win32.x86_64_17.0.6.v20230204-1729\jre\bin;C:\WINDOWS\Sun\Java\bin;C:\WINDOWS\system32;C:\WINDOWS;C:/Users/IsacDevaAbishek/Desktop/eclipse-jee-2023-03-R-win32-x86_64 (2)/eclipse//plugins/org.eclipse.justj.openjdk.hotspot.jre.full.win32.x86_64_17.0.6.v20230204-1729/jre/bin/server;C:/Users/IsacDevaAbishek/Desktop/eclipse-jee-2023-03-R-win32-x86_64 (2)/eclipse//plugins/org.eclipse.justj.openjdk.hotspot.jre.full.win32.x86_64_17.0.6.v20230204-1729/jre/bin;C:\Program Files\Common Files\Oracle\Java\javapath;C:\WINDOWS\system32;C:\WINDOWS;C:\WINDOWS\System32\Wbem;C:\WINDOWS\System32\WindowsPowerShell\v1.0\;C:\WINDOWS\System32\OpenSSH\;C:\Program Files\nodejs\;C:\Program Files\Git\cmd;C:\Users\IsacDevaAbishek\AppData\Local\Microsoft\WindowsApps;C:\Users\IsacDevaAbishek\AppData\Local\Programs\Microsoft VS Code\bin;C:\Users\IsacDevaAbishek\AppData\Local\GitHubDesktop\bin;C:\Users\IsacDevaAbishek\Desktop\eclipse-jee-2023-03-R-win32-x86_64 (2)\eclipse;;."/>
    <property name="java.vm.info" value="mixed mode"/>
    <property name="java.vendor" value="Eclipse Adoptium"/>
    <property name="java.vm.version" value="17.0.6+10"/>
    <property name="sun.io.unicode.encoding" value="UnicodeLittle"/>
    <property name="java.class.version" value="61.0"/>
  </properties>
  <testcase name="testInvalidTypeNull" classname="com.fssa.charitytrust.eventvalidator.TestEventValidator" time="0"/>
  <testcase name="testValidateObject" classname="com.fssa.charitytrust.eventvalidator.TestEventValidator" time="0"/>
  <testcase name="testInvalidURLEmpty" classname="com.fssa.charitytrust.eventvalidator.TestEventValidator" time="0"/>
  <testcase name="testInvalidName" classname="com.fssa.charitytrust.eventvalidator.TestEventValidator" time="0"/>
  <testcase name="testInvalidType" classname="com.fssa.charitytrust.eventvalidator.TestEventValidator" time="0"/>
  <testcase name="testInvalidTypeEmpty" classname="com.fssa.charitytrust.eventvalidator.TestEventValidator" time="0"/>
  <testcase name="testDate" classname="com.fssa.charitytrust.eventvalidator.TestEventValidator" time="0"/>
  <testcase name="testInvalidContactNoNull" classname="com.fssa.charitytrust.eventvalidator.TestEventValidator" time="0"/>
  <testcase name="testValidOrganizerName" classname="com.fssa.charitytrust.eventvalidator.TestEventValidator" time="0"/>
  <testcase name="validDate" classname="com.fssa.charitytrust.eventvalidator.TestEventValidator" time="0"/>
  <testcase name="testValidAddress" classname="com.fssa.charitytrust.eventvalidator.TestEventValidator" time="0"/>
  <testcase name="testValidURL" classname="com.fssa.charitytrust.eventvalidator.TestEventValidator" time="0"/>
  <testcase name="testInvalidNameEmpty" classname="com.fssa.charitytrust.eventvalidator.TestEventValidator" time="0"/>
  <testcase name="testInvalidAddressEmpty" classname="com.fssa.charitytrust.eventvalidator.TestEventValidator" time="0"/>
  <testcase name="testInvalidDateBefore" classname="com.fssa.charitytrust.eventvalidator.TestEventValidator" time="0"/>
  <testcase name="testValidName" classname="com.fssa.charitytrust.eventvalidator.TestEventValidator" time="0"/>
  <testcase name="testValidType" classname="com.fssa.charitytrust.eventvalidator.TestEventValidator" time="0"/>
  <testcase name="testInvalidDateNull" classname="com.fssa.charitytrust.eventvalidator.TestEventValidator" time="0"/>
  <testcase name="testInvalidNameNull" classname="com.fssa.charitytrust.eventvalidator.TestEventValidator" time="0"/>
  <testcase name="testInvalidAddressNull" classname="com.fssa.charitytrust.eventvalidator.TestEventValidator" time="0"/>
  <testcase name="testInvalidContactEmpty" classname="com.fssa.charitytrust.eventvalidator.TestEventValidator" time="0"/>
  <testcase name="testInvalidOrganizerName" classname="com.fssa.charitytrust.eventvalidator.TestEventValidator" time="0"/>
  <testcase name="testNullObject" classname="com.fssa.charitytrust.eventvalidator.TestEventValidator" time="0"/>
  <testcase name="testValidContactNo" classname="com.fssa.charitytrust.eventvalidator.TestEventValidator" time="0"/>
  <testcase name="testInvalidOrganizerNameEmpty" classname="com.fssa.charitytrust.eventvalidator.TestEventValidator" time="0"/>
  <testcase name="testInvalidOrganizerNameNull" classname="com.fssa.charitytrust.eventvalidator.TestEventValidator" time="0"/>
  <testcase name="testInvalidAddress" classname="com.fssa.charitytrust.eventvalidator.TestEventValidator" time="0.004"/>
  <testcase name="testInvalidURLNull" classname="com.fssa.charitytrust.eventvalidator.TestEventValidator" time="0.003"/>
  <testcase name="testInvalidURL" classname="com.fssa.charitytrust.eventvalidator.TestEventValidator" time="0.002"/>
  <testcase name="testInvalidContactNo" classname="com.fssa.charitytrust.eventvalidator.TestEventValidator" time="0.001"/>
</testsuite>