<?xml version="1.0" encoding="UTF-8"?>
<testsuite xmlns:xsi="http://www.w3.org/2001/XMLSchema-instance" xsi:noNamespaceSchemaLocation="https://maven.apache.org/surefire/maven-surefire-plugin/xsd/surefire-test-report.xsd" name="com.fssa.hospital.service.TestHospitalServiceLayer" time="0.277" tests="12" errors="3" skipped="0" failures="0">
  <properties>
    <property name="java.specification.version" value="17"/>
    <property name="sun.cpu.isalist" value="amd64"/>
    <property name="sun.jnu.encoding" value="Cp1252"/>
    <property name="java.class.path" value="C:\Users\IsacDevaAbishek\eclipse-workspace\charitytrust\target\test-classes;C:\Users\IsacDevaAbishek\eclipse-workspace\charitytrust\target\classes;C:\Users\IsacDevaAbishek\.m2\repository\org\junit\jupiter\junit-jupiter\5.9.1\junit-jupiter-5.9.1.jar;C:\Users\IsacDevaAbishek\.m2\repository\org\junit\jupiter\junit-jupiter-api\5.9.1\junit-jupiter-api-5.9.1.jar;C:\Users\IsacDevaAbishek\.m2\repository\org\opentest4j\opentest4j\1.2.0\opentest4j-1.2.0.jar;C:\Users\IsacDevaAbishek\.m2\repository\org\junit\platform\junit-platform-commons\1.9.1\junit-platform-commons-1.9.1.jar;C:\Users\IsacDevaAbishek\.m2\repository\org\apiguardian\apiguardian-api\1.1.2\apiguardian-api-1.1.2.jar;C:\Users\IsacDevaAbishek\.m2\repository\org\junit\jupiter\junit-jupiter-params\5.9.1\junit-jupiter-params-5.9.1.jar;C:\Users\IsacDevaAbishek\.m2\repository\org\junit\jupiter\junit-jupiter-engine\5.9.1\junit-jupiter-engine-5.9.1.jar;C:\Users\IsacDevaAbishek\.m2\repository\org\junit\platform\junit-platform-engine\1.9.1\junit-platform-engine-1.9.1.jar;C:\Users\IsacDevaAbishek\.m2\repository\com\mysql\mysql-connector-j\8.0.33\mysql-connector-j-8.0.33.jar;C:\Users\IsacDevaAbishek\.m2\repository\com\google\protobuf\protobuf-java\3.21.9\protobuf-java-3.21.9.jar;"/>
    <property name="java.vm.vendor" value="Eclipse Adoptium"/>
    <property name="sun.arch.data.model" value="64"/>
    <property name="user.variant" value=""/>
    <property name="java.vendor.url" value="https://adoptium.net/"/>
    <property name="user.timezone" value="Asia/Calcutta"/>
    <property name="os.name" value="Windows 10"/>
    <property name="java.vm.specification.version" value="17"/>
    <property name="sun.java.launcher" value="SUN_STANDARD"/>
    <property name="user.country" value="IN"/>
    <property name="sun.boot.library.path" value="C:\Users\IsacDevaAbishek\Desktop\eclipse-jee-2023-03-R-win32-x86_64 (2)\eclipse\plugins\org.eclipse.justj.openjdk.hotspot.jre.full.win32.x86_64_17.0.6.v20230204-1729\jre\bin"/>
    <property name="sun.java.command" value="C:\Users\ISACDE~1\AppData\Local\Temp\surefire15014551801713169518\surefirebooter2440494471247903930.jar C:\Users\IsacDevaAbishek\AppData\Local\Temp\surefire15014551801713169518 2023-07-31T01-05-03_736-jvmRun1 surefire15958342413776455878tmp surefire_03495765668276408663tmp"/>
    <property name="jdk.debug" value="release"/>
    <property name="surefire.test.class.path" value="C:\Users\IsacDevaAbishek\eclipse-workspace\charitytrust\target\test-classes;C:\Users\IsacDevaAbishek\eclipse-workspace\charitytrust\target\classes;C:\Users\IsacDevaAbishek\.m2\repository\org\junit\jupiter\junit-jupiter\5.9.1\junit-jupiter-5.9.1.jar;C:\Users\IsacDevaAbishek\.m2\repository\org\junit\jupiter\junit-jupiter-api\5.9.1\junit-jupiter-api-5.9.1.jar;C:\Users\IsacDevaAbishek\.m2\repository\org\opentest4j\opentest4j\1.2.0\opentest4j-1.2.0.jar;C:\Users\IsacDevaAbishek\.m2\repository\org\junit\platform\junit-platform-commons\1.9.1\junit-platform-commons-1.9.1.jar;C:\Users\IsacDevaAbishek\.m2\repository\org\apiguardian\apiguardian-api\1.1.2\apiguardian-api-1.1.2.jar;C:\Users\IsacDevaAbishek\.m2\repository\org\junit\jupiter\junit-jupiter-params\5.9.1\junit-jupiter-params-5.9.1.jar;C:\Users\IsacDevaAbishek\.m2\repository\org\junit\jupiter\junit-jupiter-engine\5.9.1\junit-jupiter-engine-5.9.1.jar;C:\Users\IsacDevaAbishek\.m2\repository\org\junit\platform\junit-platform-engine\1.9.1\junit-platform-engine-1.9.1.jar;C:\Users\IsacDevaAbishek\.m2\repository\com\mysql\mysql-connector-j\8.0.33\mysql-connector-j-8.0.33.jar;C:\Users\IsacDevaAbishek\.m2\repository\com\google\protobuf\protobuf-java\3.21.9\protobuf-java-3.21.9.jar;"/>
    <property name="sun.cpu.endian" value="little"/>
    <property name="user.home" value="C:\Users\IsacDevaAbishek"/>
    <property name="user.language" value="en"/>
    <property name="java.specification.vendor" value="Oracle Corporation"/>
    <property name="java.version.date" value="2023-01-17"/>
    <property name="java.home" value="C:\Users\IsacDevaAbishek\Desktop\eclipse-jee-2023-03-R-win32-x86_64 (2)\eclipse\plugins\org.eclipse.justj.openjdk.hotspot.jre.full.win32.x86_64_17.0.6.v20230204-1729\jre"/>
    <property name="file.separator" value="\"/>
    <property name="style.color" value="always"/>
    <property name="basedir" value="C:\Users\IsacDevaAbishek\eclipse-workspace\charitytrust"/>
    <property name="java.vm.compressedOopsMode" value="32-bit"/>
    <property name="line.separator" value="&#10;"/>
    <property name="java.vm.specification.vendor" value="Oracle Corporation"/>
    <property name="java.specification.name" value="Java Platform API Specification"/>
    <property name="surefire.real.class.path" value="C:\Users\ISACDE~1\AppData\Local\Temp\surefire15014551801713169518\surefirebooter2440494471247903930.jar"/>
    <property name="user.script" value=""/>
    <property name="sun.management.compiler" value="HotSpot 64-Bit Tiered Compilers"/>
    <property name="java.runtime.version" value="17.0.6+10"/>
    <property name="user.name" value="IsacDevaAbishek"/>
    <property name="path.separator" value=";"/>
    <property name="os.version" value="10.0"/>
    <property name="java.runtime.name" value="OpenJDK Runtime Environment"/>
    <property name="file.encoding" value="Cp1252"/>
    <property name="java.vm.name" value="OpenJDK 64-Bit Server VM"/>
    <property name="java.vendor.version" value="Temurin-17.0.6+10"/>
    <property name="localRepository" value="C:\Users\IsacDevaAbishek\.m2\repository"/>
    <property name="java.vendor.url.bug" value="https://github.com/adoptium/adoptium-support/issues"/>
    <property name="java.io.tmpdir" value="C:\Users\ISACDE~1\AppData\Local\Temp\"/>
    <property name="java.version" value="17.0.6"/>
    <property name="user.dir" value="C:\Users\IsacDevaAbishek\eclipse-workspace\charitytrust"/>
    <property name="os.arch" value="amd64"/>
    <property name="java.vm.specification.name" value="Java Virtual Machine Specification"/>
    <property name="sun.os.patch.level" value=""/>
    <property name="native.encoding" value="Cp1252"/>
    <property name="java.library.path" value="C:\Users\IsacDevaAbishek\Desktop\eclipse-jee-2023-03-R-win32-x86_64 (2)\eclipse\plugins\org.eclipse.justj.openjdk.hotspot.jre.full.win32.x86_64_17.0.6.v20230204-1729\jre\bin;C:\WINDOWS\Sun\Java\bin;C:\WINDOWS\system32;C:\WINDOWS;C:/Users/IsacDevaAbishek/Desktop/eclipse-jee-2023-03-R-win32-x86_64 (2)/eclipse//plugins/org.eclipse.justj.openjdk.hotspot.jre.full.win32.x86_64_17.0.6.v20230204-1729/jre/bin/server;C:/Users/IsacDevaAbishek/Desktop/eclipse-jee-2023-03-R-win32-x86_64 (2)/eclipse//plugins/org.eclipse.justj.openjdk.hotspot.jre.full.win32.x86_64_17.0.6.v20230204-1729/jre/bin;C:\Program Files\Common Files\Oracle\Java\javapath;C:\WINDOWS\system32;C:\WINDOWS;C:\WINDOWS\System32\Wbem;C:\WINDOWS\System32\WindowsPowerShell\v1.0\;C:\WINDOWS\System32\OpenSSH\;C:\Program Files\nodejs\;C:\Program Files\Git\cmd;C:\Users\IsacDevaAbishek\AppData\Local\Microsoft\WindowsApps;C:\Users\IsacDevaAbishek\AppData\Local\Programs\Microsoft VS Code\bin;C:\Users\IsacDevaAbishek\AppData\Local\GitHubDesktop\bin;C:\Users\IsacDevaAbishek\Desktop\eclipse-jee-2023-03-R-win32-x86_64 (2)\eclipse;;."/>
    <property name="java.vm.info" value="mixed mode"/>
    <property name="java.vendor" value="Eclipse Adoptium"/>
    <property name="java.vm.version" value="17.0.6+10"/>
    <property name="sun.io.unicode.encoding" value="UnicodeLittle"/>
    <property name="java.class.version" value="61.0"/>
  </properties>
  <testcase name="deleteObjectInvalid" classname="com.fssa.hospital.service.TestHospitalServiceLayer" time="0"/>
  <testcase name="testServiceFindByNameNull" classname="com.fssa.hospital.service.TestHospitalServiceLayer" time="0"/>
  <testcase name="testReadObject" classname="com.fssa.hospital.service.TestHospitalServiceLayer" time="0.084"/>
  <testcase name="testServiceAddInvalid" classname="com.fssa.hospital.service.TestHospitalServiceLayer" time="0.006"/>
  <testcase name="testFindByName" classname="com.fssa.hospital.service.TestHospitalServiceLayer" time="0.044">
    <error message="Duplicate entry &apos;38&apos; for key &apos;hospitallist.PRIMARY&apos;" type="java.sql.SQLIntegrityConstraintViolationException">java.sql.SQLIntegrityConstraintViolationException: Duplicate entry '38' for key 'hospitallist.PRIMARY'
	at com.fssa.hospital.service.TestHospitalServiceLayer.testFindByName(TestHospitalServiceLayer.java:154)
</error>
    <system-out><![CDATA[com.fssa.hospital.model.Hospital@4fdc5c72
https://freeimage.host/i/HNRzLYJ.jpg
true
connected
]]></system-out>
  </testcase>
  <testcase name="deleteObject" classname="com.fssa.hospital.service.TestHospitalServiceLayer" time="0.054"/>
  <testcase name="deleteObjectNull" classname="com.fssa.hospital.service.TestHospitalServiceLayer" time="0"/>
  <testcase name="testServiceAddNull" classname="com.fssa.hospital.service.TestHospitalServiceLayer" time="0.004"/>
  <testcase name="testServiceUpdate" classname="com.fssa.hospital.service.TestHospitalServiceLayer" time="0.034">
    <error message="Duplicate entry &apos;35&apos; for key &apos;hospitallist.PRIMARY&apos;" type="java.sql.SQLIntegrityConstraintViolationException">java.sql.SQLIntegrityConstraintViolationException: Duplicate entry '35' for key 'hospitallist.PRIMARY'
	at com.fssa.hospital.service.TestHospitalServiceLayer.testServiceUpdate(TestHospitalServiceLayer.java:77)
</error>
    <system-out><![CDATA[com.fssa.hospital.model.Hospital@7549e0b0
https://freeimage.host/i/HNRzLYJ.jpg
true
connected
]]></system-out>
  </testcase>
  <testcase name="testServiceupdateInvalid" classname="com.fssa.hospital.service.TestHospitalServiceLayer" time="0.001"/>
  <testcase name="testServiceupdateNull" classname="com.fssa.hospital.service.TestHospitalServiceLayer" time="0.005"/>
  <testcase name="testServiceAdd" classname="com.fssa.hospital.service.TestHospitalServiceLayer" time="0.036">
    <error message="Duplicate entry &apos;30&apos; for key &apos;hospitallist.PRIMARY&apos;" type="java.sql.SQLIntegrityConstraintViolationException">java.sql.SQLIntegrityConstraintViolationException: Duplicate entry '30' for key 'hospitallist.PRIMARY'
	at com.fssa.hospital.service.TestHospitalServiceLayer.testServiceAdd(TestHospitalServiceLayer.java:44)
</error>
    <system-out><![CDATA[com.fssa.hospital.model.Hospital@5e13d04a
https://freeimage.host/i/HNRzLYJ.jpg
true
connected
]]></system-out>
  </testcase>
</testsuite>